--- Automated Run: Mon Jun  8 20:29:40 EDT 2026 ---
2026-06-08 20:29:48,784 - INFO - Starting Master Pipeline Execution...
2026-06-08 20:29:50,154 - INFO - Successfully loaded 10 assets into the execution queue.
2026-06-08 20:29:50,155 - INFO - [1/10] Processing HG=F (COMEX Copper Continuous Contract)...
2026-06-08 20:29:50,155 - INFO - Initiating data extraction from yfinance for ticker: HG=F
2026-06-08 20:29:50,777 - INFO - Successfully processed 1259 records for HG=F.
2026-06-08 20:29:50,777 - INFO - Calculating technical smoothing features (90-day and 180-day MAs)...
2026-06-08 20:29:50,781 - INFO - Retained initial NaN window artifacts (first 179 rows will contain nulls).
2026-06-08 20:29:50,781 - INFO - Feature engineering complete.
2026-06-08 20:29:50,782 - INFO - Connecting to DuckDB to flush structured schema for HG=F...
2026-06-08 20:29:53,445 - INFO - [1/10] Completed pipeline cycle for HG=F.
2026-06-08 20:29:53,446 - INFO - Enforcing API rate limit etiquette. Sleeping for 2 seconds...
2026-06-08 20:29:55,452 - INFO - [2/10] Processing CADUSD=X (CAD to USD Exchange Rate)...
2026-06-08 20:29:55,452 - INFO - Initiating data extraction from yfinance for ticker: CADUSD=X
2026-06-08 20:29:55,717 - INFO - Successfully processed 1300 records for CADUSD=X.
2026-06-08 20:29:55,718 - INFO - Calculating technical smoothing features (90-day and 180-day MAs)...
2026-06-08 20:29:55,719 - INFO - Retained initial NaN window artifacts (first 179 rows will contain nulls).
2026-06-08 20:29:55,719 - INFO - Feature engineering complete.
2026-06-08 20:29:55,719 - INFO - Connecting to DuckDB to flush structured schema for CADUSD=X...
2026-06-08 20:29:55,771 - INFO - [2/10] Completed pipeline cycle for CADUSD=X.
2026-06-08 20:29:55,771 - INFO - Enforcing API rate limit etiquette. Sleeping for 2 seconds...
2026-06-08 20:29:57,778 - INFO - [3/10] Processing ARE.TO (Aecon Group Inc.)...
2026-06-08 20:29:57,783 - INFO - Initiating data extraction from yfinance for ticker: ARE.TO
2026-06-08 20:29:57,985 - INFO - Successfully processed 1255 records for ARE.TO.
2026-06-08 20:29:57,985 - INFO - Calculating technical smoothing features (90-day and 180-day MAs)...
2026-06-08 20:29:57,987 - INFO - Retained initial NaN window artifacts (first 179 rows will contain nulls).
2026-06-08 20:29:57,987 - INFO - Feature engineering complete.
2026-06-08 20:29:57,987 - INFO - Connecting to DuckDB to flush structured schema for ARE.TO...
2026-06-08 20:29:58,009 - INFO - [3/10] Completed pipeline cycle for ARE.TO.
2026-06-08 20:29:58,009 - INFO - Enforcing API rate limit etiquette. Sleeping for 2 seconds...
2026-06-08 20:30:00,014 - INFO - [4/10] Processing WSP.TO (WSP Global Inc.)...
2026-06-08 20:30:00,014 - INFO - Initiating data extraction from yfinance for ticker: WSP.TO
2026-06-08 20:30:00,204 - INFO - Successfully processed 1255 records for WSP.TO.
2026-06-08 20:30:00,204 - INFO - Calculating technical smoothing features (90-day and 180-day MAs)...
2026-06-08 20:30:00,205 - INFO - Retained initial NaN window artifacts (first 179 rows will contain nulls).
2026-06-08 20:30:00,205 - INFO - Feature engineering complete.
2026-06-08 20:30:00,205 - INFO - Connecting to DuckDB to flush structured schema for WSP.TO...
2026-06-08 20:30:00,223 - INFO - [4/10] Completed pipeline cycle for WSP.TO.
2026-06-08 20:30:00,223 - INFO - Enforcing API rate limit etiquette. Sleeping for 2 seconds...
2026-06-08 20:30:02,229 - INFO - [5/10] Processing STN.TO (Stantec Inc.)...
2026-06-08 20:30:02,230 - INFO - Initiating data extraction from yfinance for ticker: STN.TO
2026-06-08 20:30:02,408 - INFO - Successfully processed 1255 records for STN.TO.
2026-06-08 20:30:02,408 - INFO - Calculating technical smoothing features (90-day and 180-day MAs)...
2026-06-08 20:30:02,409 - INFO - Retained initial NaN window artifacts (first 179 rows will contain nulls).
2026-06-08 20:30:02,409 - INFO - Feature engineering complete.
2026-06-08 20:30:02,409 - INFO - Connecting to DuckDB to flush structured schema for STN.TO...
2026-06-08 20:30:02,437 - INFO - [5/10] Completed pipeline cycle for STN.TO.
2026-06-08 20:30:02,437 - INFO - Enforcing API rate limit etiquette. Sleeping for 2 seconds...
2026-06-08 20:30:04,442 - INFO - [6/10] Processing ATRL.TO (AtkinsRéalis Group Inc.)...
2026-06-08 20:30:04,443 - INFO - Initiating data extraction from yfinance for ticker: ATRL.TO
2026-06-08 20:30:04,638 - INFO - Successfully processed 1255 records for ATRL.TO.
2026-06-08 20:30:04,638 - INFO - Calculating technical smoothing features (90-day and 180-day MAs)...
2026-06-08 20:30:04,639 - INFO - Retained initial NaN window artifacts (first 179 rows will contain nulls).
2026-06-08 20:30:04,639 - INFO - Feature engineering complete.
2026-06-08 20:30:04,640 - INFO - Connecting to DuckDB to flush structured schema for ATRL.TO...
2026-06-08 20:30:04,659 - INFO - [6/10] Completed pipeline cycle for ATRL.TO.
2026-06-08 20:30:04,659 - INFO - Enforcing API rate limit etiquette. Sleeping for 2 seconds...
2026-06-08 20:30:06,666 - INFO - [7/10] Processing FM.TO (First Quantum Minerals Ltd.)...
2026-06-08 20:30:06,668 - INFO - Initiating data extraction from yfinance for ticker: FM.TO
2026-06-08 20:30:06,862 - INFO - Successfully processed 1255 records for FM.TO.
2026-06-08 20:30:06,862 - INFO - Calculating technical smoothing features (90-day and 180-day MAs)...
2026-06-08 20:30:06,862 - INFO - Retained initial NaN window artifacts (first 179 rows will contain nulls).
2026-06-08 20:30:06,862 - INFO - Feature engineering complete.
2026-06-08 20:30:06,863 - INFO - Connecting to DuckDB to flush structured schema for FM.TO...
2026-06-08 20:30:06,882 - INFO - [7/10] Completed pipeline cycle for FM.TO.
2026-06-08 20:30:06,882 - INFO - Enforcing API rate limit etiquette. Sleeping for 2 seconds...
2026-06-08 20:30:08,888 - INFO - [8/10] Processing LUN.TO (Lundin Mining Corporation)...
2026-06-08 20:30:08,889 - INFO - Initiating data extraction from yfinance for ticker: LUN.TO
2026-06-08 20:30:09,096 - INFO - Successfully processed 1255 records for LUN.TO.
2026-06-08 20:30:09,096 - INFO - Calculating technical smoothing features (90-day and 180-day MAs)...
2026-06-08 20:30:09,097 - INFO - Retained initial NaN window artifacts (first 179 rows will contain nulls).
2026-06-08 20:30:09,097 - INFO - Feature engineering complete.
2026-06-08 20:30:09,098 - INFO - Connecting to DuckDB to flush structured schema for LUN.TO...
2026-06-08 20:30:09,121 - INFO - [8/10] Completed pipeline cycle for LUN.TO.
2026-06-08 20:30:09,121 - INFO - Enforcing API rate limit etiquette. Sleeping for 2 seconds...
2026-06-08 20:30:11,126 - INFO - [9/10] Processing TECK-B.TO (Teck Resources Ltd. (Class B))...
2026-06-08 20:30:11,127 - INFO - Initiating data extraction from yfinance for ticker: TECK-B.TO
2026-06-08 20:30:11,359 - INFO - Successfully processed 1255 records for TECK-B.TO.
2026-06-08 20:30:11,359 - INFO - Calculating technical smoothing features (90-day and 180-day MAs)...
2026-06-08 20:30:11,360 - INFO - Retained initial NaN window artifacts (first 179 rows will contain nulls).
2026-06-08 20:30:11,360 - INFO - Feature engineering complete.
2026-06-08 20:30:11,360 - INFO - Connecting to DuckDB to flush structured schema for TECK-B.TO...
2026-06-08 20:30:11,384 - INFO - [9/10] Completed pipeline cycle for TECK-B.TO.
2026-06-08 20:30:11,384 - INFO - Enforcing API rate limit etiquette. Sleeping for 2 seconds...
2026-06-08 20:30:13,389 - INFO - [10/10] Processing ABX.TO (Barrick Gold Corporation)...
2026-06-08 20:30:13,390 - INFO - Initiating data extraction from yfinance for ticker: ABX.TO
2026-06-08 20:30:13,603 - INFO - Successfully processed 1255 records for ABX.TO.
2026-06-08 20:30:13,603 - INFO - Calculating technical smoothing features (90-day and 180-day MAs)...
2026-06-08 20:30:13,604 - INFO - Retained initial NaN window artifacts (first 179 rows will contain nulls).
2026-06-08 20:30:13,605 - INFO - Feature engineering complete.
2026-06-08 20:30:13,605 - INFO - Connecting to DuckDB to flush structured schema for ABX.TO...
2026-06-08 20:30:13,622 - INFO - [10/10] Completed pipeline cycle for ABX.TO.
2026-06-08 20:30:13,622 - INFO - Master Pipeline Execution finished successfully.
Run Complete.
----------------------------------------
